[2025/11/04 周二 18:13:21.38] 开始自动检查测试报告... 
正在检查报告目录: C:\Users\74515\Desktop\UI自动化测试_体验版\docs 
共找到 4 份 log.html 报告
正在检查: C:\Users\74515\Desktop\UI自动化测试_体验版\docs\Health_records.log\log.html
正在检查: C:\Users\74515\Desktop\UI自动化测试_体验版\docs\py_friends.log\log.html
正在检查: C:\Users\74515\Desktop\UI自动化测试_体验版\docs\py_login.log\log.html
正在检查: C:\Users\74515\Desktop\UI自动化测试_体验版\docs\py_room.log\log.html
================================================================================
 AIRTEST HTML报告自动检查结果
================================================================================
1. Health_records.log
   状态:  失败 
   原因: test_result 为 false
   文件: log.html
------------------------------------------------------------
2. py_friends.log
   状态:  通过 
   原因: test_result 为 true
   文件: log.html
------------------------------------------------------------
3. py_login.log
   状态:  通过 
   原因: test_result 为 true
   文件: log.html
------------------------------------------------------------
4. py_room.log
   状态:  失败 
   原因: test_result 为 false
   文件: log.html
------------------------------------------------------------

 汇总统计:
   总报告数: 4
   通过报告: 2
   失败报告: 2
   通过率: 50.0%
   元素确认的报告: 2
   检查时间: 2025-11-04 18:13:21
================================================================================
 
检查完成时间: 2025/11/04 周二 18:13:21.52 
 存在失败的测试报告 
