[2025/11/06 周四 15:19:28.77] 开始自动检查测试报告... 
正在检查报告目录: C:\Users\74515\Desktop\UI自动化测试_体验版\docs 
共找到 5 份 log.html 报告
正在检查: C:\Users\74515\Desktop\UI自动化测试_体验版\docs\Health_records.log\log.html
正在检查: C:\Users\74515\Desktop\UI自动化测试_体验版\docs\py_friends.log\log.html
正在检查: C:\Users\74515\Desktop\UI自动化测试_体验版\docs\py_login.log\log.html
正在检查: C:\Users\74515\Desktop\UI自动化测试_体验版\docs\py_logout.log\log.html
正在检查: C:\Users\74515\Desktop\UI自动化测试_体验版\docs\py_room.log\log.html
================================================================================
 AIRTEST HTML报告自动检查结果
================================================================================
1. Health_records.log
   状态:  通过 
   原因: test_result 为 true
   文件: log.html
------------------------------------------------------------
2. py_friends.log
   状态:  通过 
   原因: test_result 为 true
   文件: log.html
------------------------------------------------------------
3. py_login.log
   状态:  通过 
   原因: test_result 为 true
   文件: log.html
------------------------------------------------------------
4. py_logout.log
   状态:  通过 
   原因: test_result 为 true
   文件: log.html
------------------------------------------------------------
5. py_room.log
   状态:  通过 
   原因: test_result 为 true
   文件: log.html
------------------------------------------------------------

 汇总统计:
   总报告数: 5
   通过报告: 5
   失败报告: 0
   通过率: 100.0%
   元素确认的报告: 5
   检查时间: 2025-11-06 15:19:29
================================================================================
 
检查完成时间: 2025/11/06 周四 15:19:29.46 
 所有测试报告检查通过！ 
