[2025/11/10 周一 10:47:57.81] 开始自动检查测试报告... 
正在检查报告目录: C:\Users\74515\Desktop\UI自动化测试_体验版\docs 
共找到 7 份 log.html 报告
正在检查: C:\Users\74515\Desktop\UI自动化测试_体验版\docs\Health_records.log\log.html
正在检查: C:\Users\74515\Desktop\UI自动化测试_体验版\docs\py_change_password.log\log.html
正在检查: C:\Users\74515\Desktop\UI自动化测试_体验版\docs\py_device_management.log\log.html
正在检查: C:\Users\74515\Desktop\UI自动化测试_体验版\docs\py_friends.log\log.html
正在检查: C:\Users\74515\Desktop\UI自动化测试_体验版\docs\py_login.log\log.html
正在检查: C:\Users\74515\Desktop\UI自动化测试_体验版\docs\py_logout.log\log.html
正在检查: C:\Users\74515\Desktop\UI自动化测试_体验版\docs\py_room.log\log.html
================================================================================
 AIRTEST HTML报告自动检查结果
================================================================================
1. Health_records.log
   状态:  失败 
   原因: test_result 为 false
   文件: log.html
------------------------------------------------------------
2. py_change_password.log
   状态:  失败 
   原因: test_result 为 false
   文件: log.html
------------------------------------------------------------
3. py_device_management.log
   状态:  通过 
   原因: test_result 为 true
   文件: log.html
------------------------------------------------------------
4. py_friends.log
   状态:  失败 
   原因: test_result 为 false
   文件: log.html
------------------------------------------------------------
5. py_login.log
   状态:  通过 
   原因: test_result 为 true
   文件: log.html
------------------------------------------------------------
6. py_logout.log
   状态:  通过 
   原因: test_result 为 true
   文件: log.html
------------------------------------------------------------
7. py_room.log
   状态:  通过 
   原因: test_result 为 true
   文件: log.html
------------------------------------------------------------

 汇总统计:
   总报告数: 7
   通过报告: 4
   失败报告: 3
   通过率: 57.14%
   元素确认的报告: 4
   检查时间: 2025-11-10 10:47:57
================================================================================
 
检查完成时间: 2025/11/10 周一 10:47:58.02 
 存在失败的测试报告 
